  ConsoleApplication1.cpp
C:\Users\123\source\repos\MyProject\ConsoleApplication1\ConsoleApplication1.cpp(80,9): error C2365: 'Car::speed': 재정의: 이전 정의는 '데이터 멤버'입니다.
C:\Users\123\source\repos\MyProject\ConsoleApplication1\ConsoleApplication1.cpp(45,10): message : 'Car::speed' 선언을 참조하십시오.
C:\Users\123\source\repos\MyProject\ConsoleApplication1\ConsoleApplication1.cpp(82,9): error C2059: 구문 오류: 'return'
C:\Users\123\source\repos\MyProject\ConsoleApplication1\ConsoleApplication1.cpp(82,22): error C2238: ';' 앞에 예기치 않은 토큰이 있습니다.
C:\Users\123\source\repos\MyProject\ConsoleApplication1\ConsoleApplication1.cpp(84,13): error C2628: 'Car' 다음에 'void'이(가) 올 수 없습니다. ';'이 있어야 합니다.
C:\Users\123\source\repos\MyProject\ConsoleApplication1\ConsoleApplication1.cpp(84,18): error C2575: 'print': 멤버 함수와 기본만 virtual일 수 있습니다.
C:\Users\123\source\repos\MyProject\ConsoleApplication1\ConsoleApplication1.cpp(84,28): error C2059: 구문 오류: '상수'
C:\Users\123\source\repos\MyProject\ConsoleApplication1\ConsoleApplication1.cpp(85,17): error C2575: 'skill': 멤버 함수와 기본만 virtual일 수 있습니다.
C:\Users\123\source\repos\MyProject\ConsoleApplication1\ConsoleApplication1.cpp(85,44): error C2059: 구문 오류: '상수'
C:\Users\123\source\repos\MyProject\ConsoleApplication1\ConsoleApplication1.cpp(86,1): error C2059: 구문 오류: '}'
C:\Users\123\source\repos\MyProject\ConsoleApplication1\ConsoleApplication1.cpp(86,1): error C2143: 구문 오류: ';'이(가) '}' 앞에 없습니다.
C:\Users\123\source\repos\MyProject\ConsoleApplication1\ConsoleApplication1.cpp(118,18): warning C4305: '=': 'double'에서 'float'(으)로 잘립니다.
C:\Users\123\source\repos\MyProject\ConsoleApplication1\ConsoleApplication1.cpp(127,22): warning C4244: '=': 'double'에서 'int'(으)로 변환하면서 데이터가 손실될 수 있습니다.
C:\Users\123\source\repos\MyProject\ConsoleApplication1\ConsoleApplication1.cpp(189,13): error C2039: 'print': 'Car'의 멤버가 아닙니다.
C:\Users\123\source\repos\MyProject\ConsoleApplication1\ConsoleApplication1.cpp(34,7): message : 'Car' 선언을 참조하십시오.
C:\Users\123\source\repos\MyProject\ConsoleApplication1\ConsoleApplication1.cpp(196,13): error C2039: 'print': 'Car'의 멤버가 아닙니다.
C:\Users\123\source\repos\MyProject\ConsoleApplication1\ConsoleApplication1.cpp(34,7): message : 'Car' 선언을 참조하십시오.
C:\Users\123\source\repos\MyProject\ConsoleApplication1\ConsoleApplication1.cpp(203,13): error C2039: 'print': 'Car'의 멤버가 아닙니다.
C:\Users\123\source\repos\MyProject\ConsoleApplication1\ConsoleApplication1.cpp(34,7): message : 'Car' 선언을 참조하십시오.
C:\Users\123\source\repos\MyProject\ConsoleApplication1\ConsoleApplication1.cpp(212,8): warning C4091: '': 변수를 선언하지 않으면 'Car' 왼쪽은 무시됩니다.
C:\Users\123\source\repos\MyProject\ConsoleApplication1\ConsoleApplication1.cpp(242,17): error C2065: 'car': 선언되지 않은 식별자입니다.
C:\Users\123\source\repos\MyProject\ConsoleApplication1\ConsoleApplication1.cpp(253,45): error C2065: 'speed': 선언되지 않은 식별자입니다.
C:\Users\123\source\repos\MyProject\ConsoleApplication1\ConsoleApplication1.cpp(266,24): error C2059: 구문 오류: '.*'
C:\Users\123\source\repos\MyProject\ConsoleApplication1\ConsoleApplication1.cpp(268,17): error C2181: if와 짝을 이루지 않는 잘못된 else문입니다.
C:\Users\123\source\repos\MyProject\ConsoleApplication1\ConsoleApplication1.cpp(270,24): error C2059: 구문 오류: '.'
C:\Users\123\source\repos\MyProject\ConsoleApplication1\ConsoleApplication1.cpp(274,24): error C2059: 구문 오류: '.*'
C:\Users\123\source\repos\MyProject\ConsoleApplication1\ConsoleApplication1.cpp(275,17): error C2143: 구문 오류: ';'이(가) '{' 앞에 없습니다.
C:\Users\123\source\repos\MyProject\ConsoleApplication1\ConsoleApplication1.cpp(276,25): error C3927: '->': 후행 반환 형식은 비함수 선언자 뒤에 올 수 없습니다.
C:\Users\123\source\repos\MyProject\ConsoleApplication1\ConsoleApplication1.cpp(276,28): error C3484: 구문 오류: 반환 형식 앞에 '->'가 필요합니다.
C:\Users\123\source\repos\MyProject\ConsoleApplication1\ConsoleApplication1.cpp(276,29): error C3613: '->' 후 반환 형식이 없습니다('int'로 간주됨).
C:\Users\123\source\repos\MyProject\ConsoleApplication1\ConsoleApplication1.cpp(276,29): error C2146: 구문 오류: ';'이(가) 'breakSpeed' 식별자 앞에 없습니다.
C:\Users\123\source\repos\MyProject\ConsoleApplication1\ConsoleApplication1.cpp(276,44): error C2146: 구문 오류: ')'이(가) 'Car' 식별자 앞에 없습니다.
C:\Users\123\source\repos\MyProject\ConsoleApplication1\ConsoleApplication1.cpp(276,29): error C3861: 'breakSpeed': 식별자를 찾을 수 없습니다.
C:\Users\123\source\repos\MyProject\ConsoleApplication1\ConsoleApplication1.cpp(276,44): error C2146: 구문 오류: ';'이(가) 'Car' 식별자 앞에 없습니다.
C:\Users\123\source\repos\MyProject\ConsoleApplication1\ConsoleApplication1.cpp(276,49): error C2065: 'speed': 선언되지 않은 식별자입니다.
C:\Users\123\source\repos\MyProject\ConsoleApplication1\ConsoleApplication1.cpp(276,63): error C2146: 구문 오류: ';'이(가) 'driver' 식별자 앞에 없습니다.
C:\Users\123\source\repos\MyProject\ConsoleApplication1\ConsoleApplication1.cpp(276,69): error C2059: 구문 오류: ')'
C:\Users\123\source\repos\MyProject\ConsoleApplication1\ConsoleApplication1.cpp(276,70): warning C4091: '': 변수를 선언하지 않으면 'driver' 왼쪽은 무시됩니다.
C:\Users\123\source\repos\MyProject\ConsoleApplication1\ConsoleApplication1.cpp(279,17): error C2181: if와 짝을 이루지 않는 잘못된 else문입니다.
C:\Users\123\source\repos\MyProject\ConsoleApplication1\ConsoleApplication1.cpp(281,24): error C2059: 구문 오류: '.'
